1511847689867	geckodriver	INFO	geckodriver 0.19.1
1511847689941	geckodriver	INFO	Listening on 127.0.0.1:62597
1511847691984	mozrunner::runner	INFO	Running command: "D:\\Firefox\\firefox.exe" "-marionette" "-profile" "C:\\Users\\favomj\\AppData\\Local\\Temp\\rust_mozprofile.rvJBFWyEWJaf"
1511847693113	Marionette	INFO	Enabled via --marionette
Unable to read VR Path Registry from C:\Users\favomj\AppData\Local\openvr\openvrpaths.vrpath
[Parent 2208, Gecko_IOThread] WARNING: pipe error: 109: file z:/build/build/src/ipc/chromium/src/chrome/common/ipc_channel_win.cc, line 346
Unable to read VR Path Registry from C:\Users\favomj\AppData\Local\openvr\openvrpaths.vrpath
[Child 9504, Chrome_ChildThread] WARNING: pipe error: 109: file z:/build/build/src/ipc/chromium/src/chrome/common/ipc_channel_win.cc, line 346
[Child 9504, Chrome_ChildThread] WARNING: pipe error: 109: file z:/build/build/src/ipc/chromium/src/chrome/common/ipc_channel_win.cc, line 346
1511847699819	Marionette	INFO	Listening on port 62603
1511847700392	Marionette	WARN	TLS certificate errors will be ignored for this session
1511847700466	Marionette	DEBUG	Register listener.js for window 4294967297
[Parent 2208, Gecko_IOThread] WARNING: pipe error: 109: file z:/build/build/src/ipc/chromium/src/chrome/common/ipc_channel_win.cc, line 346
*** UTM:SVC TimerManager:registerTimer called after profile-before-change notification. Ignoring timer registration for id: telemetry_modules_ping
Unable to read VR Path Registry from C:\Users\favomj\AppData\Local\openvr\openvrpaths.vrpath
[GPU 11360, Chrome_ChildThread] WARNING: pipe error: 109: file z:/build/build/src/ipc/chromium/src/chrome/common/ipc_channel_win.cc, line 346

###!!! [Child][MessageChannel::SendAndWait] Error: Channel error: cannot send/recv

1511847962503	geckodriver	INFO	geckodriver 0.19.1
1511847962513	geckodriver	INFO	Listening on 127.0.0.1:62736
1511847964580	mozrunner::runner	INFO	Running command: "D:\\Firefox\\firefox.exe" "-marionette" "-profile" "C:\\Users\\favomj\\AppData\\Local\\Temp\\rust_mozprofile.hnRFFiNnrhfR"
1511847965463	Marionette	INFO	Enabled via --marionette
1511847970003	Marionette	INFO	Listening on port 62742
1511847970305	Marionette	WARN	TLS certificate errors will be ignored for this session
1511847970387	Marionette	DEBUG	Register listener.js for window 4294967297
*** UTM:SVC TimerManager:registerTimer called after profile-before-change notification. Ignoring timer registration for id: telemetry_modules_ping

###!!! [Child][MessageChannel::SendAndWait] Error: Channel error: cannot send/recv

Unable to read VR Path Registry from C:\Users\favomj\AppData\Local\openvr\openvrpaths.vrpath
1511848255094	geckodriver	INFO	geckodriver 0.19.1
1511848255103	geckodriver	INFO	Listening on 127.0.0.1:62805
1511848257190	mozrunner::runner	INFO	Running command: "D:\\Firefox\\firefox.exe" "-marionette" "-profile" "C:\\Users\\favomj\\AppData\\Local\\Temp\\rust_mozprofile.5GuZRWvoCJI5"
1511848258040	Marionette	INFO	Enabled via --marionette
Unable to read VR Path Registry from C:\Users\favomj\AppData\Local\openvr\openvrpaths.vrpath
[Child 1808, Chrome_ChildThread] WARNING: pipe error: 109: file z:/build/build/src/ipc/chromium/src/chrome/common/ipc_channel_win.cc, line 346
[Child 1808, Chrome_ChildThread] WARNING: pipe error: 109: file z:/build/build/src/ipc/chromium/src/chrome/common/ipc_channel_win.cc, line 346
1511848262379	Marionette	INFO	Listening on port 62815
1511848262437	Marionette	WARN	TLS certificate errors will be ignored for this session
1511848262542	Marionette	DEBUG	Register listener.js for window 4294967297
Unable to read VR Path Registry from C:\Users\favomj\AppData\Local\openvr\openvrpaths.vrpath
[Parent 11864, Gecko_IOThread] WARNING: pipe error: 109: file z:/build/build/src/ipc/chromium/src/chrome/common/ipc_channel_win.cc, line 346
[Parent 11864, Gecko_IOThread] WARNING: pipe error: 109: file z:/build/build/src/ipc/chromium/src/chrome/common/ipc_channel_win.cc, line 346
Unable to read VR Path Registry from C:\Users\favomj\AppData\Local\openvr\openvrpaths.vrpath
[Child 7740, Chrome_ChildThread] WARNING: pipe error: 109: file z:/build/build/src/ipc/chromium/src/chrome/common/ipc_channel_win.cc, line 346
[Child 7740, Chrome_ChildThread] WARNING: pipe error: 109: file z:/build/build/src/ipc/chromium/src/chrome/common/ipc_channel_win.cc, line 346
Unable to read VR Path Registry from C:\Users\favomj\AppData\Local\openvr\openvrpaths.vrpath
[Child 10320, Chrome_ChildThread] WARNING: pipe error: 109: file z:/build/build/src/ipc/chromium/src/chrome/common/ipc_channel_win.cc, line 346
[Child 10320, Chrome_ChildThread] WARNING: pipe error: 109: file z:/build/build/src/ipc/chromium/src/chrome/common/ipc_channel_win.cc, line 346

###!!! [Child][MessageChannel::SendAndWait] Error: Channel error: cannot send/recv

1511849181052	geckodriver	INFO	geckodriver 0.19.1
1511849181060	geckodriver	INFO	Listening on 127.0.0.1:65288
1511849183128	mozrunner::runner	INFO	Running command: "D:\\Firefox\\firefox.exe" "-marionette" "-profile" "C:\\Users\\favomj\\AppData\\Local\\Temp\\rust_mozprofile.oKhNduexfc2F"
1511849184056	Marionette	INFO	Enabled via --marionette
Unable to read VR Path Registry from C:\Users\favomj\AppData\Local\openvr\openvrpaths.vrpath
[Child 7292, Chrome_ChildThread] WARNING: pipe error: 109: file z:/build/build/src/ipc/chromium/src/chrome/common/ipc_channel_win.cc, line 346
[Child 7292, Chrome_ChildThread] WARNING: pipe error: 109: file z:/build/build/src/ipc/chromium/src/chrome/common/ipc_channel_win.cc, line 346
1511849187530	Marionette	INFO	Listening on port 65294
1511849188362	Marionette	WARN	TLS certificate errors will be ignored for this session
1511849188422	Marionette	DEBUG	Register listener.js for window 4294967297
1511849188439	Marionette	DEBUG	Received DOM event "beforeunload" for "about:blank"
1511849188863	Marionette	DEBUG	Received DOM event "pagehide" for "about:blank"
1511849188864	Marionette	DEBUG	Received DOM event "unload" for "about:blank"
1511849189360	Marionette	DEBUG	Received DOM event "DOMContentLoaded" for "https://kyfw.12306.cn/otn/passport?redirect=/otn/index/initMy12306"
1511849189425	Marionette	DEBUG	Received DOM event "pageshow" for "https://kyfw.12306.cn/otn/passport?redirect=/otn/index/initMy12306"
Unable to read VR Path Registry from C:\Users\favomj\AppData\Local\openvr\openvrpaths.vrpath
JavaScript error: chrome://pippki/content/exceptionDialog.js, line 326: NS_ERROR_XPC_GS_RETURNED_FAILURE: Component returned failure code: 0x80570016 (NS_ERROR_XPC_GS_RETURNED_FAILURE) [nsIJSCID.getService]
JavaScript error: chrome://pippki/content/exceptionDialog.js, line 326: NS_ERROR_XPC_GS_RETURNED_FAILURE: Component returned failure code: 0x80570016 (NS_ERROR_XPC_GS_RETURNED_FAILURE) [nsIJSCID.getService]
JavaScript error: chrome://pippki/content/exceptionDialog.js, line 326: NS_ERROR_XPC_GS_RETURNED_FAILURE: Component returned failure code: 0x80570016 (NS_ERROR_XPC_GS_RETURNED_FAILURE) [nsIJSCID.getService]
JavaScript error: chrome://pippki/content/exceptionDialog.js, line 326: NS_ERROR_XPC_GS_RETURNED_FAILURE: Component returned failure code: 0x80570016 (NS_ERROR_XPC_GS_RETURNED_FAILURE) [nsIJSCID.getService]
JavaScript error: chrome://pippki/content/exceptionDialog.js, line 326: NS_ERROR_XPC_GS_RETURNED_FAILURE: Component returned failure code: 0x80570016 (NS_ERROR_XPC_GS_RETURNED_FAILURE) [nsIJSCID.getService]
JavaScript error: chrome://pippki/content/exceptionDialog.js, line 326: NS_ERROR_XPC_GS_RETURNED_FAILURE: Component returned failure code: 0x80570016 (NS_ERROR_XPC_GS_RETURNED_FAILURE) [nsIJSCID.getService]
JavaScript error: chrome://pippki/content/exceptionDialog.js, line 326: NS_ERROR_XPC_GS_RETURNED_FAILURE: Component returned failure code: 0x80570016 (NS_ERROR_XPC_GS_RETURNED_FAILURE) [nsIJSCID.getService]
JavaScript error: chrome://pippki/content/exceptionDialog.js, line 326: NS_ERROR_XPC_GS_RETURNED_FAILURE: Component returned failure code: 0x80570016 (NS_ERROR_XPC_GS_RETURNED_FAILURE) [nsIJSCID.getService]
JavaScript error: chrome://pippki/content/exceptionDialog.js, line 326: NS_ERROR_XPC_GS_RETURNED_FAILURE: Component returned failure code: 0x80570016 (NS_ERROR_XPC_GS_RETURNED_FAILURE) [nsIJSCID.getService]
[Parent 10348, Gecko_IOThread] WARNING: pipe error: 109: file z:/build/build/src/ipc/chromium/src/chrome/common/ipc_channel_win.cc, line 346
Unable to read VR Path Registry from C:\Users\favomj\AppData\Local\openvr\openvrpaths.vrpath
[Child 1880, Chrome_ChildThread] WARNING: pipe error: 109: file z:/build/build/src/ipc/chromium/src/chrome/common/ipc_channel_win.cc, line 346
[Child 1880, Chrome_ChildThread] WARNING: pipe error: 109: file z:/build/build/src/ipc/chromium/src/chrome/common/ipc_channel_win.cc, line 346
*** UTM:SVC TimerManager:registerTimer called after profile-before-change notification. Ignoring timer registration for id: telemetry_modules_ping

###!!! [Child][MessageChannel::SendAndWait] Error: Channel error: cannot send/recv

1511849263471	geckodriver	INFO	geckodriver 0.19.1
1511849263480	geckodriver	INFO	Listening on 127.0.0.1:65357
1511849265571	mozrunner::runner	INFO	Running command: "D:\\Firefox\\firefox.exe" "-marionette" "-profile" "C:\\Users\\favomj\\AppData\\Local\\Temp\\rust_mozprofile.pcceZM7PZWWh"
1511849266515	Marionette	INFO	Enabled via --marionette
Unable to read VR Path Registry from C:\Users\favomj\AppData\Local\openvr\openvrpaths.vrpath
[Parent 5416, Gecko_IOThread] WARNING: pipe error: 109: file z:/build/build/src/ipc/chromium/src/chrome/common/ipc_channel_win.cc, line 346
Unable to read VR Path Registry from C:\Users\favomj\AppData\Local\openvr\openvrpaths.vrpath
[Child 12152, Chrome_ChildThread] WARNING: pipe error: 109: file z:/build/build/src/ipc/chromium/src/chrome/common/ipc_channel_win.cc, line 346
[Child 12152, Chrome_ChildThread] WARNING: pipe error: 109: file z:/build/build/src/ipc/chromium/src/chrome/common/ipc_channel_win.cc, line 346
1511849270019	Marionette	INFO	Listening on port 65365
1511849270834	Marionette	WARN	TLS certificate errors will be ignored for this session
1511849270896	Marionette	DEBUG	Register listener.js for window 4294967297
1511849270919	Marionette	DEBUG	Received DOM event "beforeunload" for "about:blank"
1511849271236	Marionette	DEBUG	Received DOM event "pagehide" for "about:blank"
1511849271237	Marionette	DEBUG	Received DOM event "unload" for "about:blank"
1511849271579	Marionette	DEBUG	Received DOM event "DOMContentLoaded" for "https://kyfw.12306.cn/otn/passport?redirect=/otn/index/initMy12306"
1511849271624	Marionette	DEBUG	Received DOM event "pageshow" for "https://kyfw.12306.cn/otn/passport?redirect=/otn/index/initMy12306"
JavaScript error: chrome://pippki/content/exceptionDialog.js, line 32: Error: 2147500034
JavaScript error: chrome://pippki/content/exceptionDialog.js, line 32: Error: 2147500034
JavaScript error: chrome://pippki/content/exceptionDialog.js, line 32: Error: 2147500034
JavaScript error: chrome://pippki/content/exceptionDialog.js, line 32: Error: 2147500034
JavaScript error: chrome://pippki/content/exceptionDialog.js, line 32: Error: 2147500034
JavaScript error: chrome://pippki/content/exceptionDialog.js, line 32: Error: 2147500034
JavaScript error: chrome://pippki/content/exceptionDialog.js, line 32: Error: 2147500034
JavaScript error: chrome://pippki/content/exceptionDialog.js, line 32: Error: 2147500034
JavaScript error: chrome://pippki/content/exceptionDialog.js, line 32: Error: 2147500034
JavaScript error: chrome://pippki/content/exceptionDialog.js, line 32: Error: 2147500034
JavaScript error: chrome://pippki/content/exceptionDialog.js, line 32: Error: 2147500034
JavaScript error: chrome://pippki/content/exceptionDialog.js, line 32: Error: 2147500034
JavaScript error: chrome://pippki/content/exceptionDialog.js, line 32: Error: 2147500034
JavaScript error: chrome://pippki/content/exceptionDialog.js, line 32: Error: 2147500034
JavaScript error: chrome://pippki/content/exceptionDialog.js, line 32: Error: 2147500034
JavaScript error: chrome://pippki/content/exceptionDialog.js, line 32: Error: 2147500034
JavaScript error: chrome://pippki/content/exceptionDialog.js, line 32: Error: 2147500034
JavaScript error: chrome://pippki/content/exceptionDialog.js, line 32: Error: 2147500034
JavaScript error: chrome://pippki/content/exceptionDialog.js, line 32: Error: 2147500034
JavaScript error: chrome://pippki/content/exceptionDialog.js, line 32: Error: 2147500034
JavaScript error: chrome://pippki/content/exceptionDialog.js, line 32: Error: 2147500034
JavaScript error: chrome://pippki/content/exceptionDialog.js, line 32: Error: 2147500034
JavaScript error: chrome://pippki/content/exceptionDialog.js, line 32: Error: 2147500034
JavaScript error: chrome://pippki/content/exceptionDialog.js, line 32: Error: 2147500034
JavaScript error: chrome://pippki/content/exceptionDialog.js, line 32: Error: 2147500034
JavaScript error: chrome://pippki/content/exceptionDialog.js, line 32: Error: 2147500034
JavaScript error: chrome://pippki/content/exceptionDialog.js, line 32: Error: 2147500034
JavaScript error: chrome://pippki/content/exceptionDialog.js, line 32: Error: 2147500034
JavaScript error: chrome://pippki/content/exceptionDialog.js, line 32: Error: 2147500034
JavaScript error: chrome://pippki/content/exceptionDialog.js, line 32: Error: 2147500034
JavaScript error: chrome://pippki/content/exceptionDialog.js, line 32: Error: 2147500034
JavaScript error: chrome://pippki/content/exceptionDialog.js, line 32: Error: 2147500034
JavaScript error: chrome://pippki/content/exceptionDialog.js, line 32: Error: 2147500034
JavaScript error: chrome://pippki/content/exceptionDialog.js, line 32: Error: 2147500034
JavaScript error: chrome://pippki/content/exceptionDialog.js, line 32: Error: 2147500034
JavaScript error: chrome://pippki/content/exceptionDialog.js, line 32: Error: 2147500034
JavaScript error: chrome://pippki/content/exceptionDialog.js, line 32: Error: 2147500034
JavaScript error: chrome://pippki/content/exceptionDialog.js, line 32: Error: 2147500034
JavaScript error: chrome://pippki/content/exceptionDialog.js, line 32: Error: 2147500034
JavaScript error: chrome://pippki/content/exceptionDialog.js, line 32: Error: 2147500034
JavaScript error: chrome://pippki/content/exceptionDialog.js, line 32: Error: 2147500034
JavaScript error: chrome://pippki/content/exceptionDialog.js, line 32: Error: 2147500034
JavaScript error: chrome://pippki/content/exceptionDialog.js, line 32: Error: 2147500034
JavaScript error: chrome://pippki/content/exceptionDialog.js, line 32: Error: 2147500034
JavaScript error: chrome://pippki/content/exceptionDialog.js, line 32: Error: 2147500034
JavaScript error: chrome://pippki/content/exceptionDialog.js, line 32: Error: 2147500034
JavaScript error: chrome://pippki/content/exceptionDialog.js, line 32: Error: 2147500034
JavaScript error: chrome://pippki/content/exceptionDialog.js, line 32: Error: 2147500034
JavaScript error: chrome://pippki/content/exceptionDialog.js, line 32: Error: 2147500034
JavaScript error: chrome://pippki/content/exceptionDialog.js, line 32: Error: 2147500034
JavaScript error: chrome://pippki/content/exceptionDialog.js, line 32: Error: 2147500034
JavaScript error: chrome://pippki/content/exceptionDialog.js, line 32: Error: 2147500034
JavaScript error: chrome://pippki/content/exceptionDialog.js, line 32: Error: 2147500034
JavaScript error: chrome://pippki/content/exceptionDialog.js, line 32: Error: 2147500034
JavaScript error: chrome://pippki/content/exceptionDialog.js, line 32: Error: 2147500034
JavaScript error: chrome://pippki/content/exceptionDialog.js, line 32: Error: 2147500034
JavaScript error: chrome://pippki/content/exceptionDialog.js, line 32: Error: 2147500034
JavaScript error: chrome://pippki/content/exceptionDialog.js, line 32: Error: 2147500034
JavaScript error: chrome://pippki/content/exceptionDialog.js, line 32: Error: 2147500034
JavaScript error: chrome://pippki/content/exceptionDialog.js, line 32: Error: 2147500034
JavaScript error: chrome://pippki/content/exceptionDialog.js, line 32: Error: 2147500034
JavaScript error: chrome://pippki/content/exceptionDialog.js, line 32: Error: 2147500034
JavaScript error: chrome://pippki/content/exceptionDialog.js, line 32: Error: 2147500034
JavaScript error: chrome://pippki/content/exceptionDialog.js, line 32: Error: 2147500034
JavaScript error: chrome://pippki/content/exceptionDialog.js, line 32: Error: 2147500034
JavaScript error: chrome://pippki/content/exceptionDialog.js, line 32: Error: 2147500034
JavaScript error: chrome://pippki/content/exceptionDialog.js, line 32: Error: 2147500034
JavaScript error: chrome://pippki/content/exceptionDialog.js, line 32: Error: 2147500034
JavaScript error: chrome://pippki/content/exceptionDialog.js, line 32: Error: 2147500034
JavaScript error: chrome://pippki/content/exceptionDialog.js, line 32: Error: 2147500034
JavaScript error: chrome://pippki/content/exceptionDialog.js, line 32: Error: 2147500034
JavaScript error: chrome://pippki/content/exceptionDialog.js, line 32: Error: 2147500034
JavaScript error: chrome://pippki/content/exceptionDialog.js, line 32: Error: 2147500034
JavaScript error: chrome://pippki/content/exceptionDialog.js, line 32: Error: 2147500034
JavaScript error: chrome://pippki/content/exceptionDialog.js, line 32: Error: 2147500034
JavaScript error: chrome://pippki/content/exceptionDialog.js, line 32: Error: 2147500034
JavaScript error: chrome://pippki/content/exceptionDialog.js, line 32: Error: 2147500034
JavaScript error: chrome://pippki/content/exceptionDialog.js, line 32: Error: 2147500034
JavaScript error: chrome://pippki/content/exceptionDialog.js, line 32: Error: 2147500034
JavaScript error: chrome://pippki/content/exceptionDialog.js, line 32: Error: 2147500034
JavaScript error: chrome://pippki/content/exceptionDialog.js, line 32: Error: 2147500034
JavaScript error: chrome://pippki/content/exceptionDialog.js, line 32: Error: 2147500034
JavaScript error: chrome://pippki/content/exceptionDialog.js, line 32: Error: 2147500034
JavaScript error: chrome://pippki/content/exceptionDialog.js, line 32: Error: 2147500034
JavaScript error: chrome://pippki/content/exceptionDialog.js, line 32: Error: 2147500034
JavaScript error: chrome://pippki/content/exceptionDialog.js, line 32: Error: 2147500034
JavaScript error: chrome://pippki/content/exceptionDialog.js, line 32: Error: 2147500034
JavaScript error: chrome://pippki/content/exceptionDialog.js, line 32: Error: 2147500034
JavaScript error: chrome://pippki/content/exceptionDialog.js, line 32: Error: 2147500034
JavaScript error: chrome://pippki/content/exceptionDialog.js, line 32: Error: 2147500034
JavaScript error: chrome://pippki/content/exceptionDialog.js, line 32: Error: 2147500034
JavaScript error: chrome://pippki/content/exceptionDialog.js, line 32: Error: 2147500034
JavaScript error: chrome://pippki/content/exceptionDialog.js, line 32: Error: 2147500034
JavaScript error: chrome://pippki/content/exceptionDialog.js, line 32: Error: 2147500034
JavaScript error: chrome://pippki/content/exceptionDialog.js, line 32: Error: 2147500034
JavaScript error: chrome://pippki/content/exceptionDialog.js, line 32: Error: 2147500034
JavaScript error: chrome://pippki/content/exceptionDialog.js, line 32: Error: 2147500034
JavaScript error: chrome://pippki/content/exceptionDialog.js, line 32: Error: 2147500034
JavaScript error: chrome://pippki/content/exceptionDialog.js, line 32: Error: 2147500034
JavaScript error: chrome://pippki/content/exceptionDialog.js, line 32: Error: 2147500034
JavaScript error: chrome://pippki/content/exceptionDialog.js, line 32: Error: 2147500034
JavaScript error: chrome://pippki/content/exceptionDialog.js, line 32: Error: 2147500034
JavaScript error: chrome://pippki/content/exceptionDialog.js, line 32: Error: 2147500034
JavaScript error: chrome://pippki/content/exceptionDialog.js, line 32: Error: 2147500034
JavaScript error: chrome://pippki/content/exceptionDialog.js, line 32: Error: 2147500034
JavaScript error: chrome://pippki/content/exceptionDialog.js, line 32: Error: 2147500034
JavaScript error: chrome://pippki/content/exceptionDialog.js, line 32: Error: 2147500034
JavaScript error: chrome://pippki/content/exceptionDialog.js, line 32: Error: 2147500034
JavaScript error: chrome://pippki/content/exceptionDialog.js, line 32: Error: 2147500034
JavaScript error: chrome://pippki/content/exceptionDialog.js, line 32: Error: 2147500034
JavaScript error: chrome://pippki/content/exceptionDialog.js, line 32: Error: 2147500034
JavaScript error: chrome://pippki/content/exceptionDialog.js, line 32: Error: 2147500034
JavaScript error: chrome://pippki/content/exceptionDialog.js, line 32: Error: 2147500034
JavaScript error: chrome://pippki/content/exceptionDialog.js, line 32: Error: 2147500034
JavaScript error: chrome://pippki/content/exceptionDialog.js, line 32: Error: 2147500034
JavaScript error: chrome://pippki/content/exceptionDialog.js, line 32: Error: 2147500034
JavaScript error: chrome://pippki/content/exceptionDialog.js, line 32: Error: 2147500034
JavaScript error: chrome://pippki/content/exceptionDialog.js, line 32: Error: 2147500034
JavaScript error: chrome://pippki/content/exceptionDialog.js, line 32: Error: 2147500034
JavaScript error: chrome://pippki/content/exceptionDialog.js, line 32: Error: 2147500034
JavaScript error: chrome://pippki/content/exceptionDialog.js, line 32: Error: 2147500034
JavaScript error: chrome://pippki/content/exceptionDialog.js, line 32: Error: 2147500034
JavaScript error: chrome://pippki/content/exceptionDialog.js, line 32: Error: 2147500034
JavaScript error: chrome://pippki/content/exceptionDialog.js, line 32: Error: 2147500034
JavaScript error: chrome://pippki/content/exceptionDialog.js, line 32: Error: 2147500034
JavaScript error: chrome://pippki/content/exceptionDialog.js, line 32: Error: 2147500034
JavaScript error: chrome://pippki/content/exceptionDialog.js, line 32: Error: 2147500034
JavaScript error: chrome://pippki/content/exceptionDialog.js, line 32: Error: 2147500034
JavaScript error: chrome://pippki/content/exceptionDialog.js, line 32: Error: 2147500034
JavaScript error: chrome://pippki/content/exceptionDialog.js, line 32: Error: 2147500034
JavaScript error: chrome://pippki/content/exceptionDialog.js, line 32: Error: 2147500034
JavaScript error: chrome://pippki/content/exceptionDialog.js, line 32: Error: 2147500034
JavaScript error: chrome://pippki/content/exceptionDialog.js, line 32: Error: 2147500034
JavaScript error: chrome://pippki/content/exceptionDialog.js, line 32: Error: 2147500034
JavaScript error: chrome://pippki/content/exceptionDialog.js, line 32: Error: 2147500034
JavaScript error: chrome://pippki/content/exceptionDialog.js, line 32: Error: 2147500034
JavaScript error: chrome://pippki/content/exceptionDialog.js, line 326: NS_ERROR_XPC_GS_RETURNED_FAILURE: Component returned failure code: 0x80570016 (NS_ERROR_XPC_GS_RETURNED_FAILURE) [nsIJSCID.getService]
JavaScript error: chrome://pippki/content/exceptionDialog.js, line 326: NS_ERROR_XPC_GS_RETURNED_FAILURE: Component returned failure code: 0x80570016 (NS_ERROR_XPC_GS_RETURNED_FAILURE) [nsIJSCID.getService]
JavaScript error: chrome://pippki/content/exceptionDialog.js, line 326: NS_ERROR_XPC_GS_RETURNED_FAILURE: Component returned failure code: 0x80570016 (NS_ERROR_XPC_GS_RETURNED_FAILURE) [nsIJSCID.getService]
JavaScript error: chrome://pippki/content/exceptionDialog.js, line 326: NS_ERROR_XPC_GS_RETURNED_FAILURE: Component returned failure code: 0x80570016 (NS_ERROR_XPC_GS_RETURNED_FAILURE) [nsIJSCID.getService]
JavaScript error: chrome://pippki/content/exceptionDialog.js, line 326: NS_ERROR_XPC_GS_RETURNED_FAILURE: Component returned failure code: 0x80570016 (NS_ERROR_XPC_GS_RETURNED_FAILURE) [nsIJSCID.getService]
[Parent 5416, Gecko_IOThread] WARNING: pipe error: 109: file z:/build/build/src/ipc/chromium/src/chrome/common/ipc_channel_win.cc, line 346
Unable to read VR Path Registry from C:\Users\favomj\AppData\Local\openvr\openvrpaths.vrpath
[Child 380, Chrome_ChildThread] WARNING: pipe error: 109: file z:/build/build/src/ipc/chromium/src/chrome/common/ipc_channel_win.cc, line 346
[Child 380, Chrome_ChildThread] WARNING: pipe error: 109: file z:/build/build/src/ipc/chromium/src/chrome/common/ipc_channel_win.cc, line 346
Unable to read VR Path Registry from C:\Users\favomj\AppData\Local\openvr\openvrpaths.vrpath
[Child 12208, Chrome_ChildThread] WARNING: pipe error: 109: file z:/build/build/src/ipc/chromium/src/chrome/common/ipc_channel_win.cc, line 346
[Child 12208, Chrome_ChildThread] WARNING: pipe error: 109: file z:/build/build/src/ipc/chromium/src/chrome/common/ipc_channel_win.cc, line 346

###!!! [Child][MessageChannel::SendAndWait] Error: Channel error: cannot send/recv

